Namespace(batch_size=8, class_choice=None, dataset='shapenetpart', dropout=0.5, emb_dims=1024, epochs=300, eval=False, exp_name='dgcnn_partseg', k=40, lr=0.001, model='dgcnn', model_path='', momentum=0.9, no_cuda=False, num_points=2048, pretrained_path='./models/dgcnn_partseg_best.pth', scheduler='cos', seed=1, test_batch_size=8, use_sgd=True, visu='', visu_format='ply')
Using GPU : 0 from 2 devices
Namespace(batch_size=8, class_choice=None, dataset='shapenetpart', dropout=0.5, emb_dims=1024, epochs=300, eval=False, exp_name='dgcnn_partseg', k=40, lr=0.001, model='dgcnn', model_path='', momentum=0.9, no_cuda=False, num_points=2048, pretrained_path='./models/dgcnn_partseg_best.pth', scheduler='cos', seed=1, test_batch_size=8, use_sgd=True, visu='', visu_format='ply')
Using GPU : 0 from 2 devices
Namespace(batch_size=8, class_choice=None, dataset='shapenetpart', dropout=0.5, emb_dims=1024, epochs=300, eval=False, exp_name='dgcnn_partseg', k=40, lr=0.001, model='dgcnn', model_path='', momentum=0.9, no_cuda=False, num_points=2048, pretrained_path='./models/dgcnn_partseg_best.pth', scheduler='cos', seed=1, test_batch_size=8, use_sgd=True, visu='', visu_format='ply')
Using GPU : 0 from 2 devices
Namespace(batch_size=8, class_choice=None, dataset='shapenetpart', dropout=0.5, emb_dims=1024, epochs=300, eval=False, exp_name='dgcnn_partseg', k=40, lr=0.001, model='dgcnn', model_path='', momentum=0.9, no_cuda=False, num_points=2048, pretrained_path='./models/dgcnn_partseg_best.pth', scheduler='cos', seed=1, test_batch_size=8, use_sgd=True, visu='', visu_format='ply')
Using GPU : 0 from 2 devices
Namespace(batch_size=8, class_choice=None, dataset='shapenetpart', dropout=0.5, emb_dims=1024, epochs=300, eval=False, exp_name='dgcnn_partseg', k=40, lr=0.001, model='dgcnn', model_path='', momentum=0.9, no_cuda=False, num_points=2048, pretrained_path='./models/dgcnn_partseg_best.pth', scheduler='cos', seed=1, test_batch_size=8, use_sgd=True, visu='', visu_format='ply')
Using GPU : 0 from 2 devices
Namespace(batch_size=8, class_choice=None, dataset='shapenetpart', dropout=0.5, emb_dims=1024, epochs=300, eval=False, exp_name='dgcnn_partseg', k=40, lr=0.001, model='dgcnn', model_path='', momentum=0.9, no_cuda=False, num_points=2048, pretrained_path='./models/dgcnn_partseg_best.pth', scheduler='cos', seed=1, test_batch_size=8, use_sgd=True, visu='', visu_format='ply')
Using GPU : 0 from 2 devices
Namespace(batch_size=8, class_choice=None, dataset='shapenetpart', dropout=0.5, emb_dims=1024, epochs=300, eval=False, exp_name='dgcnn_partseg', k=40, lr=0.001, model='dgcnn', model_path='', momentum=0.9, no_cuda=False, num_points=2048, pretrained_path='./models/dgcnn_partseg_best.pth', scheduler='cos', seed=1, test_batch_size=8, use_sgd=True, visu='', visu_format='ply')
Using GPU : 0 from 2 devices
Namespace(batch_size=8, class_choice=None, dataset='shapenetpart', dropout=0.5, emb_dims=1024, epochs=300, eval=False, exp_name='dgcnn_partseg', k=40, lr=0.001, model='dgcnn', model_path='', momentum=0.9, no_cuda=False, num_points=2048, pretrained_path='./models/dgcnn_partseg_best.pth', scheduler='cos', seed=1, test_batch_size=8, use_sgd=True, visu='', visu_format='ply')
Using GPU : 0 from 2 devices
Namespace(batch_size=8, class_choice=None, dataset='shapenetpart', dropout=0.5, emb_dims=1024, epochs=30, eval=False, exp_name='dgcnn_partseg', k=40, lr=0.001, model='dgcnn', model_path='', momentum=0.9, no_cuda=False, num_points=2048, pretrained_path='./models/dgcnn_partseg_best.pth', scheduler='cos', seed=1, test_batch_size=8, use_sgd=True, visu='', visu_format='ply')
Using GPU : 0 from 2 devices
Namespace(batch_size=8, class_choice=None, dataset='shapenetpart', dropout=0.5, emb_dims=1024, epochs=30, eval=False, exp_name='dgcnn_partseg', k=40, lr=0.001, model='dgcnn', model_path='', momentum=0.9, no_cuda=False, num_points=2048, pretrained_path='./models/dgcnn_partseg_best.pth', scheduler='cos', seed=1, test_batch_size=8, use_sgd=True, visu='', visu_format='ply')
Using GPU : 0 from 2 devices
Train 0, loss: 1.670280, train acc: 0.867324, train avg acc: 0.494520, train iou: 0.713990
Test 0, loss: 1.515749, test acc: 0.908575, test avg acc: 0.633929, test iou: 0.769471
Train 1, loss: 1.528431, train acc: 0.912123, train avg acc: 0.633189, train iou: 0.768311
Test 1, loss: 1.484144, test acc: 0.914235, test avg acc: 0.664024, test iou: 0.777267
Train 2, loss: 1.503050, train acc: 0.918941, train avg acc: 0.661679, train iou: 0.782842
Test 2, loss: 1.502659, test acc: 0.904343, test avg acc: 0.651473, test iou: 0.770211
Train 3, loss: 1.488964, train acc: 0.922804, train avg acc: 0.680471, train iou: 0.792233
Test 3, loss: 1.475672, test acc: 0.921538, test avg acc: 0.678015, test iou: 0.800701
Train 4, loss: 1.484625, train acc: 0.923780, train avg acc: 0.690375, train iou: 0.796393
Test 4, loss: 1.455055, test acc: 0.922837, test avg acc: 0.705676, test iou: 0.799596
Train 5, loss: 1.473812, train acc: 0.926463, train avg acc: 0.698480, train iou: 0.801648
Test 5, loss: 1.463438, test acc: 0.919359, test avg acc: 0.684719, test iou: 0.794140
Train 6, loss: 1.473917, train acc: 0.926873, train avg acc: 0.706213, train iou: 0.804365
Test 6, loss: 1.449236, test acc: 0.925898, test avg acc: 0.720715, test iou: 0.803906
Train 7, loss: 1.470882, train acc: 0.927374, train avg acc: 0.707841, train iou: 0.806084
Test 7, loss: 1.441770, test acc: 0.929135, test avg acc: 0.729621, test iou: 0.815012
Train 8, loss: 1.468660, train acc: 0.928408, train avg acc: 0.709003, train iou: 0.807582
Test 8, loss: 1.468699, test acc: 0.915730, test avg acc: 0.696262, test iou: 0.793738
Train 9, loss: 1.462468, train acc: 0.930015, train avg acc: 0.719119, train iou: 0.810942
Test 9, loss: 1.446285, test acc: 0.926080, test avg acc: 0.720919, test iou: 0.808334
Train 10, loss: 1.459107, train acc: 0.930709, train avg acc: 0.720579, train iou: 0.813427
Test 10, loss: 1.472427, test acc: 0.923712, test avg acc: 0.728725, test iou: 0.813409
Train 11, loss: 1.458185, train acc: 0.931154, train avg acc: 0.724304, train iou: 0.815153
Test 11, loss: 1.439891, test acc: 0.930317, test avg acc: 0.714657, test iou: 0.817697
Train 12, loss: 1.453685, train acc: 0.932306, train avg acc: 0.731644, train iou: 0.816460
Test 12, loss: 1.441173, test acc: 0.926844, test avg acc: 0.722427, test iou: 0.814724
Train 13, loss: 1.450989, train acc: 0.933565, train avg acc: 0.729151, train iou: 0.818983
Test 13, loss: 1.427353, test acc: 0.932638, test avg acc: 0.732865, test iou: 0.819764
Train 14, loss: 1.445592, train acc: 0.934553, train avg acc: 0.737941, train iou: 0.821617
Test 14, loss: 1.431167, test acc: 0.931251, test avg acc: 0.709323, test iou: 0.822444
Train 15, loss: 1.444157, train acc: 0.935403, train avg acc: 0.738141, train iou: 0.823239
Test 15, loss: 1.427441, test acc: 0.933324, test avg acc: 0.748700, test iou: 0.827025
Train 16, loss: 1.443849, train acc: 0.935709, train avg acc: 0.740419, train iou: 0.823467
Test 16, loss: 1.444211, test acc: 0.926669, test avg acc: 0.740731, test iou: 0.807238
Train 17, loss: 1.437652, train acc: 0.937531, train avg acc: 0.748605, train iou: 0.827138
Test 17, loss: 1.430507, test acc: 0.933267, test avg acc: 0.763697, test iou: 0.829076
Train 18, loss: 1.433989, train acc: 0.938954, train avg acc: 0.753961, train iou: 0.830553
Test 18, loss: 1.448799, test acc: 0.927780, test avg acc: 0.730584, test iou: 0.816564
Train 19, loss: 1.431925, train acc: 0.939441, train avg acc: 0.755807, train iou: 0.831466
Test 19, loss: 1.422237, test acc: 0.933779, test avg acc: 0.752474, test iou: 0.829005
Train 20, loss: 1.427509, train acc: 0.940980, train avg acc: 0.762812, train iou: 0.834361
Test 20, loss: 1.420064, test acc: 0.936058, test avg acc: 0.762946, test iou: 0.832067
Train 21, loss: 1.423326, train acc: 0.942802, train avg acc: 0.768968, train iou: 0.837406
Test 21, loss: 1.417986, test acc: 0.936388, test avg acc: 0.762047, test iou: 0.832640
Train 22, loss: 1.420782, train acc: 0.943642, train avg acc: 0.771296, train iou: 0.839106
Test 22, loss: 1.414074, test acc: 0.937387, test avg acc: 0.779151, test iou: 0.834932
Train 23, loss: 1.417066, train acc: 0.945299, train avg acc: 0.779301, train iou: 0.842420
Test 23, loss: 1.426386, test acc: 0.933322, test avg acc: 0.775469, test iou: 0.829299
Train 24, loss: 1.413767, train acc: 0.946432, train avg acc: 0.780988, train iou: 0.844381
Test 24, loss: 1.411205, test acc: 0.938964, test avg acc: 0.781955, test iou: 0.838500
Train 25, loss: 1.410195, train acc: 0.947533, train avg acc: 0.785896, train iou: 0.846514
Test 25, loss: 1.414735, test acc: 0.937301, test avg acc: 0.768464, test iou: 0.834084
Train 26, loss: 1.408126, train acc: 0.948787, train avg acc: 0.789519, train iou: 0.848501
Test 26, loss: 1.413391, test acc: 0.937061, test avg acc: 0.773489, test iou: 0.837845
Train 27, loss: 1.406064, train acc: 0.949525, train avg acc: 0.791882, train iou: 0.850035
Test 27, loss: 1.408299, test acc: 0.940526, test avg acc: 0.777544, test iou: 0.841137
Train 28, loss: 1.404889, train acc: 0.950120, train avg acc: 0.792666, train iou: 0.850995
Test 28, loss: 1.408269, test acc: 0.940663, test avg acc: 0.784668, test iou: 0.841962
Train 29, loss: 1.402933, train acc: 0.950677, train avg acc: 0.795504, train iou: 0.852722
Test 29, loss: 1.408044, test acc: 0.940336, test avg acc: 0.779952, test iou: 0.841428
Namespace(batch_size=8, class_choice=None, dataset='shapenetpart', dropout=0.5, emb_dims=1024, epochs=300, eval=False, exp_name='dgcnn_partseg', k=40, lr=0.001, model='dgcnn', model_path='', momentum=0.9, no_cuda=False, num_points=2048, pretrained_path='./models/dgcnn_partseg_best.pth', scheduler='cos', seed=1, test_batch_size=8, use_sgd=True, visu='', visu_format='ply')
Using GPU : 0 from 2 devices
Train 0, loss: 1.670869, train acc: 0.866886, train avg acc: 0.493912, train iou: 0.713452
Test 0, loss: 1.514446, test acc: 0.909021, test avg acc: 0.639601, test iou: 0.765960
Train 1, loss: 1.528292, train acc: 0.912223, train avg acc: 0.633388, train iou: 0.768387
Test 1, loss: 1.488754, test acc: 0.912997, test avg acc: 0.665244, test iou: 0.774610
Train 2, loss: 1.503201, train acc: 0.918968, train avg acc: 0.661997, train iou: 0.782456
Test 2, loss: 1.495340, test acc: 0.907031, test avg acc: 0.653249, test iou: 0.775525
Train 3, loss: 1.490572, train acc: 0.922679, train avg acc: 0.680117, train iou: 0.792696
Test 3, loss: 1.471378, test acc: 0.923288, test avg acc: 0.687664, test iou: 0.801510
Train 4, loss: 1.485382, train acc: 0.923672, train avg acc: 0.690742, train iou: 0.796434
Test 4, loss: 1.453705, test acc: 0.923104, test avg acc: 0.705387, test iou: 0.803131
Train 5, loss: 1.475183, train acc: 0.926393, train avg acc: 0.698893, train iou: 0.801691
Test 5, loss: 1.466287, test acc: 0.919819, test avg acc: 0.685759, test iou: 0.794904
Train 6, loss: 1.476638, train acc: 0.926356, train avg acc: 0.704654, train iou: 0.803235
Test 6, loss: 1.441362, test acc: 0.928815, test avg acc: 0.732136, test iou: 0.809186
Train 7, loss: 1.475534, train acc: 0.926209, train avg acc: 0.705368, train iou: 0.803717
Test 7, loss: 1.442667, test acc: 0.928970, test avg acc: 0.721204, test iou: 0.814542
Train 8, loss: 1.473755, train acc: 0.926964, train avg acc: 0.706046, train iou: 0.805607
Test 8, loss: 1.459260, test acc: 0.920105, test avg acc: 0.706460, test iou: 0.798990
Train 9, loss: 1.469866, train acc: 0.927752, train avg acc: 0.712906, train iou: 0.807690
Test 9, loss: 1.453617, test acc: 0.922006, test avg acc: 0.713875, test iou: 0.801929
Train 10, loss: 1.467253, train acc: 0.928268, train avg acc: 0.714290, train iou: 0.809576
Test 10, loss: 1.475317, test acc: 0.915659, test avg acc: 0.717044, test iou: 0.805072
Train 11, loss: 1.468999, train acc: 0.928087, train avg acc: 0.714401, train iou: 0.809480
Test 11, loss: 1.453788, test acc: 0.924276, test avg acc: 0.710403, test iou: 0.808938
Train 12, loss: 1.465672, train acc: 0.928744, train avg acc: 0.721362, train iou: 0.809501
Test 12, loss: 1.450200, test acc: 0.925451, test avg acc: 0.709490, test iou: 0.809289
Train 13, loss: 1.465143, train acc: 0.929434, train avg acc: 0.716000, train iou: 0.810122
Test 13, loss: 1.434248, test acc: 0.930827, test avg acc: 0.734060, test iou: 0.815741
Train 14, loss: 1.464070, train acc: 0.928773, train avg acc: 0.719898, train iou: 0.810980
Test 14, loss: 1.439361, test acc: 0.929412, test avg acc: 0.694309, test iou: 0.818100
Train 15, loss: 1.464833, train acc: 0.929308, train avg acc: 0.717344, train iou: 0.812122
Test 15, loss: 1.439838, test acc: 0.927461, test avg acc: 0.732966, test iou: 0.817901
Train 16, loss: 1.466743, train acc: 0.929296, train avg acc: 0.717428, train iou: 0.811065
Test 16, loss: 1.456397, test acc: 0.924819, test avg acc: 0.715667, test iou: 0.805487
Train 17, loss: 1.462150, train acc: 0.930058, train avg acc: 0.726317, train iou: 0.813459
Test 17, loss: 1.453597, test acc: 0.925535, test avg acc: 0.725628, test iou: 0.813598
Train 18, loss: 1.460680, train acc: 0.930453, train avg acc: 0.725934, train iou: 0.814204
Test 18, loss: 1.471199, test acc: 0.920739, test avg acc: 0.708193, test iou: 0.799332
Train 19, loss: 1.461629, train acc: 0.930141, train avg acc: 0.722268, train iou: 0.813169
Test 19, loss: 1.452462, test acc: 0.925224, test avg acc: 0.740205, test iou: 0.813072
Train 20, loss: 1.462229, train acc: 0.929834, train avg acc: 0.726377, train iou: 0.813968
Test 20, loss: 1.450644, test acc: 0.925607, test avg acc: 0.744297, test iou: 0.808026
Train 21, loss: 1.458459, train acc: 0.931400, train avg acc: 0.730198, train iou: 0.816054
Test 21, loss: 1.454057, test acc: 0.927844, test avg acc: 0.725019, test iou: 0.814198
Train 22, loss: 1.460298, train acc: 0.930687, train avg acc: 0.730230, train iou: 0.814586
Test 22, loss: 1.451433, test acc: 0.920989, test avg acc: 0.736987, test iou: 0.816011
Train 23, loss: 1.461631, train acc: 0.930139, train avg acc: 0.730159, train iou: 0.814754
Test 23, loss: 1.452929, test acc: 0.926553, test avg acc: 0.739219, test iou: 0.814402
Train 24, loss: 1.459910, train acc: 0.931036, train avg acc: 0.731919, train iou: 0.815416
Test 24, loss: 1.434335, test acc: 0.927337, test avg acc: 0.743081, test iou: 0.817661
Train 25, loss: 1.457571, train acc: 0.931325, train avg acc: 0.734593, train iou: 0.816568
Test 25, loss: 1.469393, test acc: 0.917636, test avg acc: 0.687897, test iou: 0.792212
Train 26, loss: 1.457759, train acc: 0.931445, train avg acc: 0.736214, train iou: 0.816936
Test 26, loss: 1.455508, test acc: 0.925345, test avg acc: 0.708857, test iou: 0.811095
Train 27, loss: 1.457670, train acc: 0.931366, train avg acc: 0.732104, train iou: 0.817006
Test 27, loss: 1.434692, test acc: 0.929120, test avg acc: 0.726177, test iou: 0.816597
Train 28, loss: 1.460534, train acc: 0.931214, train avg acc: 0.733243, train iou: 0.817315
Test 28, loss: 1.442636, test acc: 0.929006, test avg acc: 0.762396, test iou: 0.821054
Train 29, loss: 1.455233, train acc: 0.932026, train avg acc: 0.738625, train iou: 0.817618
Test 29, loss: 1.435624, test acc: 0.929885, test avg acc: 0.750462, test iou: 0.823459
Train 30, loss: 1.458329, train acc: 0.931091, train avg acc: 0.733725, train iou: 0.816849
Test 30, loss: 1.451772, test acc: 0.922525, test avg acc: 0.740686, test iou: 0.815852
Train 31, loss: 1.454499, train acc: 0.931987, train avg acc: 0.739643, train iou: 0.818923
Test 31, loss: 1.491390, test acc: 0.897776, test avg acc: 0.717887, test iou: 0.785471
Train 32, loss: 1.456701, train acc: 0.932051, train avg acc: 0.736196, train iou: 0.818648
Test 32, loss: 1.436669, test acc: 0.927792, test avg acc: 0.752801, test iou: 0.821555
Train 33, loss: 1.458109, train acc: 0.931532, train avg acc: 0.737357, train iou: 0.816570
Test 33, loss: 1.448934, test acc: 0.926930, test avg acc: 0.733935, test iou: 0.820014
Train 34, loss: 1.456876, train acc: 0.931741, train avg acc: 0.736730, train iou: 0.817225
Test 34, loss: 1.451859, test acc: 0.923241, test avg acc: 0.728865, test iou: 0.810576
Train 35, loss: 1.455937, train acc: 0.932187, train avg acc: 0.737776, train iou: 0.818721
Test 35, loss: 1.449146, test acc: 0.927012, test avg acc: 0.715840, test iou: 0.816368
Train 36, loss: 1.455931, train acc: 0.932125, train avg acc: 0.740033, train iou: 0.819128
Test 36, loss: 1.447291, test acc: 0.928303, test avg acc: 0.748545, test iou: 0.818840
Train 37, loss: 1.455854, train acc: 0.932820, train avg acc: 0.743137, train iou: 0.820077
Test 37, loss: 1.459645, test acc: 0.920022, test avg acc: 0.727534, test iou: 0.806139
Train 38, loss: 1.454606, train acc: 0.932351, train avg acc: 0.737311, train iou: 0.818899
Test 38, loss: 1.451675, test acc: 0.925818, test avg acc: 0.720276, test iou: 0.814449
Train 39, loss: 1.452996, train acc: 0.932771, train avg acc: 0.741365, train iou: 0.819875
Test 39, loss: 1.472671, test acc: 0.916629, test avg acc: 0.701793, test iou: 0.800790
Train 40, loss: 1.455288, train acc: 0.932355, train avg acc: 0.737927, train iou: 0.819886
Test 40, loss: 1.463177, test acc: 0.916449, test avg acc: 0.757233, test iou: 0.813516
Train 41, loss: 1.455253, train acc: 0.932642, train avg acc: 0.740129, train iou: 0.819696
Test 41, loss: 1.490495, test acc: 0.908534, test avg acc: 0.723557, test iou: 0.783165
Train 42, loss: 1.454184, train acc: 0.933407, train avg acc: 0.741306, train iou: 0.820110
Test 42, loss: 1.507567, test acc: 0.885638, test avg acc: 0.724702, test iou: 0.789609
Train 43, loss: 1.454539, train acc: 0.932372, train avg acc: 0.739734, train iou: 0.819207
Test 43, loss: 1.494055, test acc: 0.906781, test avg acc: 0.716609, test iou: 0.779054
Train 44, loss: 1.450951, train acc: 0.933992, train avg acc: 0.744819, train iou: 0.820992
Test 44, loss: 1.445921, test acc: 0.925590, test avg acc: 0.739552, test iou: 0.812730
Train 45, loss: 1.453886, train acc: 0.932656, train avg acc: 0.740775, train iou: 0.819403
Test 45, loss: 1.441370, test acc: 0.927821, test avg acc: 0.740524, test iou: 0.814246
Train 46, loss: 1.451498, train acc: 0.933402, train avg acc: 0.742310, train iou: 0.821035
Test 46, loss: 1.464506, test acc: 0.913898, test avg acc: 0.720179, test iou: 0.803568
Train 47, loss: 1.452346, train acc: 0.933581, train avg acc: 0.744843, train iou: 0.820934
Test 47, loss: 1.450583, test acc: 0.925220, test avg acc: 0.741734, test iou: 0.813353
Train 48, loss: 1.452785, train acc: 0.933002, train avg acc: 0.741649, train iou: 0.821083
Test 48, loss: 1.446907, test acc: 0.923952, test avg acc: 0.755465, test iou: 0.811624
Train 49, loss: 1.453946, train acc: 0.932611, train avg acc: 0.742863, train iou: 0.819758
Test 49, loss: 1.447645, test acc: 0.925033, test avg acc: 0.718990, test iou: 0.815000
Train 50, loss: 1.452190, train acc: 0.933079, train avg acc: 0.744629, train iou: 0.821450
Test 50, loss: 1.461737, test acc: 0.918017, test avg acc: 0.743686, test iou: 0.802768
Train 51, loss: 1.452414, train acc: 0.933235, train avg acc: 0.745085, train iou: 0.821362
Test 51, loss: 1.455355, test acc: 0.919877, test avg acc: 0.729388, test iou: 0.796542
Train 52, loss: 1.449802, train acc: 0.934080, train avg acc: 0.749077, train iou: 0.822869
Test 52, loss: 1.470932, test acc: 0.914815, test avg acc: 0.726300, test iou: 0.802215
Train 53, loss: 1.454734, train acc: 0.932908, train avg acc: 0.743163, train iou: 0.820720
Test 53, loss: 1.468208, test acc: 0.917587, test avg acc: 0.739996, test iou: 0.803091
Train 54, loss: 1.452954, train acc: 0.933241, train avg acc: 0.742748, train iou: 0.821577
Test 54, loss: 1.439287, test acc: 0.927580, test avg acc: 0.713321, test iou: 0.812639
Train 55, loss: 1.448871, train acc: 0.934237, train avg acc: 0.749976, train iou: 0.823230
Test 55, loss: 1.461374, test acc: 0.923383, test avg acc: 0.716203, test iou: 0.808720
Train 56, loss: 1.449407, train acc: 0.934131, train avg acc: 0.744790, train iou: 0.822210
Test 56, loss: 1.437639, test acc: 0.929989, test avg acc: 0.787034, test iou: 0.823971
Train 57, loss: 1.450808, train acc: 0.933479, train avg acc: 0.746704, train iou: 0.820900
Test 57, loss: 1.438079, test acc: 0.925188, test avg acc: 0.766054, test iou: 0.812392
Train 58, loss: 1.451250, train acc: 0.933403, train avg acc: 0.749870, train iou: 0.821708
Test 58, loss: 1.431749, test acc: 0.930585, test avg acc: 0.739925, test iou: 0.823520
Train 59, loss: 1.448347, train acc: 0.934717, train avg acc: 0.746316, train iou: 0.822954
Test 59, loss: 1.436947, test acc: 0.930717, test avg acc: 0.728531, test iou: 0.819025
Train 60, loss: 1.450402, train acc: 0.933911, train avg acc: 0.747746, train iou: 0.821610
Test 60, loss: 1.442662, test acc: 0.927370, test avg acc: 0.741470, test iou: 0.815798
Train 61, loss: 1.449422, train acc: 0.933839, train avg acc: 0.748570, train iou: 0.822723
Test 61, loss: 1.444517, test acc: 0.928322, test avg acc: 0.744321, test iou: 0.818440
Train 62, loss: 1.449425, train acc: 0.933948, train avg acc: 0.750755, train iou: 0.823479
Test 62, loss: 1.464815, test acc: 0.915759, test avg acc: 0.759221, test iou: 0.794386
Train 63, loss: 1.451343, train acc: 0.933887, train avg acc: 0.748350, train iou: 0.822604
Test 63, loss: 1.444100, test acc: 0.924749, test avg acc: 0.741692, test iou: 0.810076
Train 64, loss: 1.449089, train acc: 0.934118, train avg acc: 0.746760, train iou: 0.823082
Test 64, loss: 1.451782, test acc: 0.922099, test avg acc: 0.727175, test iou: 0.809425
Train 65, loss: 1.447507, train acc: 0.934548, train avg acc: 0.754810, train iou: 0.823448
Test 65, loss: 1.454477, test acc: 0.924900, test avg acc: 0.728681, test iou: 0.811189
Train 66, loss: 1.448269, train acc: 0.934388, train avg acc: 0.748072, train iou: 0.822644
Test 66, loss: 1.443881, test acc: 0.926719, test avg acc: 0.750320, test iou: 0.816959
Train 67, loss: 1.447273, train acc: 0.934576, train avg acc: 0.749801, train iou: 0.823161
Test 67, loss: 1.435866, test acc: 0.930371, test avg acc: 0.741038, test iou: 0.823524
Train 68, loss: 1.449498, train acc: 0.934050, train avg acc: 0.752104, train iou: 0.822088
Test 68, loss: 1.435967, test acc: 0.932447, test avg acc: 0.761845, test iou: 0.826962
Train 69, loss: 1.449315, train acc: 0.934383, train avg acc: 0.752606, train iou: 0.824754
Test 69, loss: 1.459654, test acc: 0.919034, test avg acc: 0.720506, test iou: 0.804240
Train 70, loss: 1.448462, train acc: 0.934868, train avg acc: 0.753447, train iou: 0.823966
Test 70, loss: 1.441181, test acc: 0.929800, test avg acc: 0.764689, test iou: 0.819752
Train 71, loss: 1.448552, train acc: 0.934471, train avg acc: 0.753371, train iou: 0.822441
Test 71, loss: 1.426576, test acc: 0.932992, test avg acc: 0.746739, test iou: 0.825844
Train 72, loss: 1.448233, train acc: 0.934397, train avg acc: 0.751960, train iou: 0.823140
Test 72, loss: 1.429840, test acc: 0.930922, test avg acc: 0.765260, test iou: 0.822371
Train 73, loss: 1.448244, train acc: 0.934307, train avg acc: 0.748024, train iou: 0.822976
Test 73, loss: 1.446681, test acc: 0.928963, test avg acc: 0.738079, test iou: 0.823693
Train 74, loss: 1.448799, train acc: 0.934410, train avg acc: 0.753573, train iou: 0.822870
Test 74, loss: 1.452645, test acc: 0.921775, test avg acc: 0.740406, test iou: 0.816501
Train 75, loss: 1.447107, train acc: 0.934666, train avg acc: 0.750223, train iou: 0.824133
Test 75, loss: 1.449141, test acc: 0.924456, test avg acc: 0.741133, test iou: 0.798411
Train 76, loss: 1.446947, train acc: 0.934848, train avg acc: 0.751001, train iou: 0.823884
Test 76, loss: 1.431697, test acc: 0.930702, test avg acc: 0.752601, test iou: 0.820798
Train 77, loss: 1.445970, train acc: 0.934882, train avg acc: 0.752862, train iou: 0.823805
Test 77, loss: 1.444611, test acc: 0.930650, test avg acc: 0.762307, test iou: 0.819499
Train 78, loss: 1.443247, train acc: 0.935902, train avg acc: 0.756284, train iou: 0.825803
Test 78, loss: 1.448760, test acc: 0.926879, test avg acc: 0.756435, test iou: 0.814101
Train 79, loss: 1.445004, train acc: 0.935440, train avg acc: 0.757518, train iou: 0.825007
Test 79, loss: 1.435251, test acc: 0.927917, test avg acc: 0.750326, test iou: 0.825882
Train 80, loss: 1.445498, train acc: 0.935019, train avg acc: 0.755622, train iou: 0.825168
Test 80, loss: 1.455122, test acc: 0.920385, test avg acc: 0.752453, test iou: 0.800534
Train 81, loss: 1.447478, train acc: 0.935068, train avg acc: 0.751760, train iou: 0.823675
Test 81, loss: 1.442245, test acc: 0.929128, test avg acc: 0.753645, test iou: 0.822000
Train 82, loss: 1.447898, train acc: 0.934279, train avg acc: 0.751421, train iou: 0.823999
Test 82, loss: 1.440519, test acc: 0.925582, test avg acc: 0.760177, test iou: 0.813294
Train 83, loss: 1.442909, train acc: 0.936055, train avg acc: 0.754558, train iou: 0.826047
Test 83, loss: 1.429855, test acc: 0.932563, test avg acc: 0.791658, test iou: 0.829783
Train 84, loss: 1.450046, train acc: 0.933974, train avg acc: 0.749374, train iou: 0.823724
Test 84, loss: 1.429532, test acc: 0.930868, test avg acc: 0.752587, test iou: 0.826346
Train 85, loss: 1.443763, train acc: 0.935857, train avg acc: 0.756129, train iou: 0.825955
Test 85, loss: 1.445394, test acc: 0.926815, test avg acc: 0.738189, test iou: 0.816795
Train 86, loss: 1.446970, train acc: 0.934799, train avg acc: 0.754967, train iou: 0.824888
Test 86, loss: 1.436288, test acc: 0.930948, test avg acc: 0.724834, test iou: 0.822750
Train 87, loss: 1.444862, train acc: 0.935369, train avg acc: 0.754017, train iou: 0.825021
Test 87, loss: 1.506160, test acc: 0.899974, test avg acc: 0.736803, test iou: 0.765505
Train 88, loss: 1.444961, train acc: 0.935202, train avg acc: 0.758652, train iou: 0.825408
Test 88, loss: 1.446461, test acc: 0.923338, test avg acc: 0.738364, test iou: 0.804018
Train 89, loss: 1.446611, train acc: 0.935047, train avg acc: 0.757059, train iou: 0.825869
Test 89, loss: 1.435747, test acc: 0.930435, test avg acc: 0.748149, test iou: 0.824172
Train 90, loss: 1.443261, train acc: 0.935686, train avg acc: 0.758881, train iou: 0.826518
Test 90, loss: 1.477113, test acc: 0.908406, test avg acc: 0.727467, test iou: 0.782737
Train 91, loss: 1.444960, train acc: 0.935771, train avg acc: 0.757639, train iou: 0.825927
Test 91, loss: 1.434604, test acc: 0.926427, test avg acc: 0.780937, test iou: 0.827640
Train 92, loss: 1.443866, train acc: 0.935856, train avg acc: 0.760492, train iou: 0.827057
Test 92, loss: 1.445048, test acc: 0.924807, test avg acc: 0.737371, test iou: 0.816756
Train 93, loss: 1.441882, train acc: 0.936498, train avg acc: 0.758136, train iou: 0.826699
Test 93, loss: 1.436062, test acc: 0.929974, test avg acc: 0.799764, test iou: 0.823555
Train 94, loss: 1.442253, train acc: 0.936036, train avg acc: 0.757195, train iou: 0.825423
Test 94, loss: 1.515006, test acc: 0.899767, test avg acc: 0.685418, test iou: 0.783961
Train 95, loss: 1.444146, train acc: 0.935457, train avg acc: 0.756560, train iou: 0.825551
Test 95, loss: 1.498277, test acc: 0.902538, test avg acc: 0.694032, test iou: 0.767726
Train 96, loss: 1.443948, train acc: 0.935947, train avg acc: 0.757083, train iou: 0.826456
Test 96, loss: 1.445586, test acc: 0.926992, test avg acc: 0.743735, test iou: 0.815050
Train 97, loss: 1.441962, train acc: 0.936533, train avg acc: 0.761421, train iou: 0.827400
Test 97, loss: 1.441013, test acc: 0.928996, test avg acc: 0.751319, test iou: 0.818345
Train 98, loss: 1.442483, train acc: 0.936549, train avg acc: 0.764050, train iou: 0.828494
Test 98, loss: 1.439891, test acc: 0.926926, test avg acc: 0.786835, test iou: 0.822158
Train 99, loss: 1.443002, train acc: 0.935518, train avg acc: 0.761889, train iou: 0.826495
Test 99, loss: 1.429870, test acc: 0.932974, test avg acc: 0.777668, test iou: 0.826211
Train 100, loss: 1.442409, train acc: 0.936225, train avg acc: 0.758871, train iou: 0.826956
Test 100, loss: 1.431056, test acc: 0.933050, test avg acc: 0.776396, test iou: 0.827036
Train 101, loss: 1.442580, train acc: 0.936056, train avg acc: 0.760062, train iou: 0.826862
Test 101, loss: 1.438453, test acc: 0.927433, test avg acc: 0.724088, test iou: 0.816207
Train 102, loss: 1.444130, train acc: 0.936431, train avg acc: 0.757983, train iou: 0.827619
Test 102, loss: 1.430756, test acc: 0.933166, test avg acc: 0.763787, test iou: 0.826362
Train 103, loss: 1.443395, train acc: 0.936171, train avg acc: 0.759618, train iou: 0.827189
Test 103, loss: 1.424752, test acc: 0.934374, test avg acc: 0.748178, test iou: 0.828775
Train 104, loss: 1.439879, train acc: 0.937333, train avg acc: 0.766516, train iou: 0.828786
Test 104, loss: 1.440529, test acc: 0.929375, test avg acc: 0.754374, test iou: 0.825283
Train 105, loss: 1.440534, train acc: 0.936662, train avg acc: 0.762440, train iou: 0.827676
Test 105, loss: 1.495564, test acc: 0.908370, test avg acc: 0.762595, test iou: 0.785007
Train 106, loss: 1.439748, train acc: 0.937178, train avg acc: 0.766967, train iou: 0.828192
Test 106, loss: 1.435914, test acc: 0.928315, test avg acc: 0.738468, test iou: 0.818245
Train 107, loss: 1.439477, train acc: 0.937208, train avg acc: 0.767379, train iou: 0.829832
Test 107, loss: 1.442945, test acc: 0.923715, test avg acc: 0.745554, test iou: 0.810331
Train 108, loss: 1.441464, train acc: 0.936782, train avg acc: 0.761752, train iou: 0.827897
Test 108, loss: 1.432460, test acc: 0.931727, test avg acc: 0.806194, test iou: 0.832201
Train 109, loss: 1.438316, train acc: 0.937235, train avg acc: 0.763830, train iou: 0.830185
Test 109, loss: 1.426036, test acc: 0.933995, test avg acc: 0.799839, test iou: 0.826300
Train 110, loss: 1.439687, train acc: 0.937251, train avg acc: 0.767130, train iou: 0.828647
Test 110, loss: 1.432465, test acc: 0.933358, test avg acc: 0.777351, test iou: 0.829636
Train 111, loss: 1.441632, train acc: 0.936867, train avg acc: 0.760980, train iou: 0.828386
Test 111, loss: 1.422828, test acc: 0.933233, test avg acc: 0.778436, test iou: 0.825479
Train 112, loss: 1.439393, train acc: 0.937306, train avg acc: 0.767972, train iou: 0.828677
Test 112, loss: 1.426393, test acc: 0.931377, test avg acc: 0.786260, test iou: 0.824210
Train 113, loss: 1.437799, train acc: 0.937314, train avg acc: 0.767641, train iou: 0.829590
Test 113, loss: 1.432372, test acc: 0.929485, test avg acc: 0.780491, test iou: 0.822161
Train 114, loss: 1.439169, train acc: 0.936886, train avg acc: 0.764575, train iou: 0.829046
Test 114, loss: 1.428114, test acc: 0.933280, test avg acc: 0.736590, test iou: 0.825434
Train 115, loss: 1.436953, train acc: 0.937400, train avg acc: 0.767088, train iou: 0.829906
Test 115, loss: 1.435603, test acc: 0.932112, test avg acc: 0.771493, test iou: 0.829121
Train 116, loss: 1.437263, train acc: 0.937924, train avg acc: 0.766346, train iou: 0.830358
Test 116, loss: 1.449208, test acc: 0.922809, test avg acc: 0.789677, test iou: 0.811210
Train 117, loss: 1.441313, train acc: 0.937291, train avg acc: 0.764672, train iou: 0.827933
Test 117, loss: 1.442257, test acc: 0.927497, test avg acc: 0.769421, test iou: 0.825520
Train 118, loss: 1.439757, train acc: 0.936780, train avg acc: 0.766533, train iou: 0.829381
Test 118, loss: 1.418633, test acc: 0.936553, test avg acc: 0.798411, test iou: 0.835733
Train 119, loss: 1.437650, train acc: 0.937827, train avg acc: 0.769849, train iou: 0.830956
Test 119, loss: 1.429624, test acc: 0.932707, test avg acc: 0.788847, test iou: 0.828359
Train 120, loss: 1.436702, train acc: 0.938190, train avg acc: 0.767707, train iou: 0.830468
Test 120, loss: 1.424569, test acc: 0.934046, test avg acc: 0.755453, test iou: 0.828785
Train 121, loss: 1.437063, train acc: 0.937910, train avg acc: 0.769826, train iou: 0.830591
Test 121, loss: 1.444328, test acc: 0.928122, test avg acc: 0.755821, test iou: 0.812834
Train 122, loss: 1.437685, train acc: 0.937703, train avg acc: 0.766554, train iou: 0.830371
Test 122, loss: 1.449989, test acc: 0.926653, test avg acc: 0.744684, test iou: 0.818737
Train 123, loss: 1.435610, train acc: 0.938545, train avg acc: 0.768093, train iou: 0.830633
Test 123, loss: 1.436692, test acc: 0.927677, test avg acc: 0.776348, test iou: 0.818653
Train 124, loss: 1.435831, train acc: 0.938119, train avg acc: 0.770283, train iou: 0.830647
Test 124, loss: 1.455659, test acc: 0.921278, test avg acc: 0.776658, test iou: 0.801485
Train 125, loss: 1.437005, train acc: 0.937992, train avg acc: 0.767055, train iou: 0.830204
Test 125, loss: 1.422799, test acc: 0.934648, test avg acc: 0.780945, test iou: 0.834092
Train 126, loss: 1.434767, train acc: 0.938404, train avg acc: 0.771291, train iou: 0.831860
Test 126, loss: 1.433110, test acc: 0.930941, test avg acc: 0.772126, test iou: 0.818209
Train 127, loss: 1.434563, train acc: 0.938731, train avg acc: 0.770787, train iou: 0.831645
Test 127, loss: 1.461256, test acc: 0.916422, test avg acc: 0.750747, test iou: 0.801083
Train 128, loss: 1.435396, train acc: 0.938442, train avg acc: 0.772036, train iou: 0.831494
Test 128, loss: 1.428356, test acc: 0.932628, test avg acc: 0.759654, test iou: 0.823642
Train 129, loss: 1.435817, train acc: 0.938788, train avg acc: 0.771598, train iou: 0.832275
Test 129, loss: 1.418005, test acc: 0.933421, test avg acc: 0.765740, test iou: 0.831696
Train 130, loss: 1.435224, train acc: 0.938472, train avg acc: 0.770681, train iou: 0.831359
Test 130, loss: 1.460282, test acc: 0.918316, test avg acc: 0.759154, test iou: 0.808631
Train 131, loss: 1.435307, train acc: 0.938244, train avg acc: 0.768517, train iou: 0.830435
Test 131, loss: 1.423604, test acc: 0.933910, test avg acc: 0.762401, test iou: 0.828241
Train 132, loss: 1.433446, train acc: 0.938909, train avg acc: 0.770829, train iou: 0.832363
Test 132, loss: 1.466134, test acc: 0.916615, test avg acc: 0.787791, test iou: 0.802803
Train 133, loss: 1.436376, train acc: 0.938212, train avg acc: 0.769065, train iou: 0.831178
Test 133, loss: 1.424296, test acc: 0.934231, test avg acc: 0.778140, test iou: 0.828215
Train 134, loss: 1.432632, train acc: 0.939422, train avg acc: 0.772345, train iou: 0.832922
Test 134, loss: 1.419669, test acc: 0.933609, test avg acc: 0.759920, test iou: 0.830450
Train 135, loss: 1.434796, train acc: 0.938912, train avg acc: 0.772044, train iou: 0.831502
Test 135, loss: 1.429872, test acc: 0.932657, test avg acc: 0.766849, test iou: 0.828534
Train 136, loss: 1.432563, train acc: 0.939327, train avg acc: 0.775218, train iou: 0.833237
Test 136, loss: 1.431791, test acc: 0.931051, test avg acc: 0.771856, test iou: 0.826235
Train 137, loss: 1.434007, train acc: 0.938843, train avg acc: 0.773127, train iou: 0.831601
Test 137, loss: 1.422638, test acc: 0.933649, test avg acc: 0.748305, test iou: 0.828097
Train 138, loss: 1.432885, train acc: 0.939090, train avg acc: 0.774268, train iou: 0.832892
Test 138, loss: 1.421169, test acc: 0.934849, test avg acc: 0.793277, test iou: 0.835096
Train 139, loss: 1.432844, train acc: 0.939124, train avg acc: 0.773758, train iou: 0.832094
Test 139, loss: 1.447605, test acc: 0.923138, test avg acc: 0.768765, test iou: 0.807545
Train 140, loss: 1.431571, train acc: 0.939812, train avg acc: 0.777071, train iou: 0.833816
Test 140, loss: 1.441289, test acc: 0.928726, test avg acc: 0.773381, test iou: 0.819753
Train 141, loss: 1.432385, train acc: 0.939509, train avg acc: 0.776517, train iou: 0.834105
Test 141, loss: 1.433674, test acc: 0.930155, test avg acc: 0.733904, test iou: 0.825766
Train 142, loss: 1.430791, train acc: 0.939865, train avg acc: 0.775039, train iou: 0.833382
Test 142, loss: 1.426375, test acc: 0.933153, test avg acc: 0.779275, test iou: 0.831034
Train 143, loss: 1.433804, train acc: 0.939137, train avg acc: 0.778558, train iou: 0.832649
Test 143, loss: 1.418628, test acc: 0.935678, test avg acc: 0.808846, test iou: 0.831116
Train 144, loss: 1.431160, train acc: 0.940294, train avg acc: 0.780431, train iou: 0.835274
Test 144, loss: 1.452649, test acc: 0.922413, test avg acc: 0.741112, test iou: 0.813917
Train 145, loss: 1.431467, train acc: 0.939694, train avg acc: 0.777995, train iou: 0.833833
Test 145, loss: 1.418816, test acc: 0.936596, test avg acc: 0.776125, test iou: 0.835909
Train 146, loss: 1.430003, train acc: 0.940206, train avg acc: 0.777359, train iou: 0.835013
Test 146, loss: 1.427814, test acc: 0.931202, test avg acc: 0.800187, test iou: 0.826756
Train 147, loss: 1.428772, train acc: 0.940490, train avg acc: 0.779766, train iou: 0.835578
Test 147, loss: 1.428128, test acc: 0.931883, test avg acc: 0.772611, test iou: 0.830305
Train 148, loss: 1.428684, train acc: 0.941056, train avg acc: 0.781943, train iou: 0.835582
Test 148, loss: 1.438550, test acc: 0.927143, test avg acc: 0.791213, test iou: 0.824933
Train 149, loss: 1.429241, train acc: 0.940555, train avg acc: 0.782726, train iou: 0.835621
Test 149, loss: 1.429045, test acc: 0.931351, test avg acc: 0.758851, test iou: 0.828004
Train 150, loss: 1.430157, train acc: 0.940362, train avg acc: 0.778462, train iou: 0.833292
Test 150, loss: 1.423348, test acc: 0.934374, test avg acc: 0.774614, test iou: 0.829414
Train 151, loss: 1.429223, train acc: 0.940588, train avg acc: 0.782204, train iou: 0.834884
Test 151, loss: 1.426832, test acc: 0.932560, test avg acc: 0.754912, test iou: 0.825232
Train 152, loss: 1.431089, train acc: 0.939961, train avg acc: 0.775249, train iou: 0.835132
Test 152, loss: 1.421968, test acc: 0.934968, test avg acc: 0.779668, test iou: 0.829427
Train 153, loss: 1.428655, train acc: 0.940326, train avg acc: 0.780621, train iou: 0.834770
Test 153, loss: 1.421265, test acc: 0.934821, test avg acc: 0.799191, test iou: 0.833543
Train 154, loss: 1.429150, train acc: 0.940981, train avg acc: 0.782147, train iou: 0.835896
Test 154, loss: 1.416016, test acc: 0.936609, test avg acc: 0.781584, test iou: 0.835569
Train 155, loss: 1.427136, train acc: 0.941278, train avg acc: 0.782394, train iou: 0.836155
Test 155, loss: 1.446093, test acc: 0.921935, test avg acc: 0.761914, test iou: 0.821395
Train 156, loss: 1.426099, train acc: 0.941470, train avg acc: 0.785018, train iou: 0.836278
Test 156, loss: 1.440160, test acc: 0.925625, test avg acc: 0.739633, test iou: 0.808673
Train 157, loss: 1.428365, train acc: 0.940814, train avg acc: 0.781102, train iou: 0.836488
Test 157, loss: 1.422286, test acc: 0.933287, test avg acc: 0.787821, test iou: 0.832513
Train 158, loss: 1.426341, train acc: 0.941318, train avg acc: 0.783206, train iou: 0.837226
Test 158, loss: 1.433024, test acc: 0.932963, test avg acc: 0.786729, test iou: 0.830459
Train 159, loss: 1.427001, train acc: 0.941580, train avg acc: 0.784095, train iou: 0.837432
Test 159, loss: 1.424048, test acc: 0.934829, test avg acc: 0.749897, test iou: 0.827644
Train 160, loss: 1.424765, train acc: 0.942067, train avg acc: 0.784749, train iou: 0.837420
Test 160, loss: 1.446924, test acc: 0.924909, test avg acc: 0.761663, test iou: 0.812282
Train 161, loss: 1.426380, train acc: 0.941655, train avg acc: 0.786743, train iou: 0.837260
Test 161, loss: 1.424864, test acc: 0.933781, test avg acc: 0.799198, test iou: 0.830341
Train 162, loss: 1.428415, train acc: 0.941043, train avg acc: 0.785332, train iou: 0.835872
Test 162, loss: 1.421887, test acc: 0.933016, test avg acc: 0.775050, test iou: 0.830278
Train 163, loss: 1.425159, train acc: 0.942021, train avg acc: 0.785857, train iou: 0.837555
Test 163, loss: 1.426389, test acc: 0.931732, test avg acc: 0.781186, test iou: 0.826257
Train 164, loss: 1.426955, train acc: 0.941636, train avg acc: 0.786786, train iou: 0.837936
Test 164, loss: 1.422676, test acc: 0.934226, test avg acc: 0.762877, test iou: 0.831466
Train 165, loss: 1.424543, train acc: 0.941986, train avg acc: 0.787408, train iou: 0.837967
Test 165, loss: 1.421942, test acc: 0.935367, test avg acc: 0.784803, test iou: 0.831420
Train 166, loss: 1.425911, train acc: 0.941490, train avg acc: 0.785836, train iou: 0.837114
Test 166, loss: 1.417422, test acc: 0.934313, test avg acc: 0.769202, test iou: 0.833357
Train 167, loss: 1.422740, train acc: 0.942719, train avg acc: 0.789238, train iou: 0.839010
Test 167, loss: 1.432272, test acc: 0.929025, test avg acc: 0.761612, test iou: 0.821217
Train 168, loss: 1.422362, train acc: 0.942812, train avg acc: 0.789625, train iou: 0.838712
Test 168, loss: 1.451517, test acc: 0.923692, test avg acc: 0.753353, test iou: 0.815715
Train 169, loss: 1.422245, train acc: 0.942716, train avg acc: 0.790415, train iou: 0.838968
Test 169, loss: 1.443443, test acc: 0.921909, test avg acc: 0.776809, test iou: 0.816619
Train 170, loss: 1.423068, train acc: 0.942501, train avg acc: 0.789136, train iou: 0.838105
Test 170, loss: 1.424852, test acc: 0.934504, test avg acc: 0.776280, test iou: 0.832946
Train 171, loss: 1.422438, train acc: 0.943028, train avg acc: 0.793413, train iou: 0.839912
Test 171, loss: 1.422784, test acc: 0.935110, test avg acc: 0.776696, test iou: 0.834283
Train 172, loss: 1.422521, train acc: 0.943064, train avg acc: 0.794223, train iou: 0.840000
Test 172, loss: 1.419487, test acc: 0.935602, test avg acc: 0.785816, test iou: 0.837099
Train 173, loss: 1.421739, train acc: 0.943532, train avg acc: 0.793399, train iou: 0.839521
Test 173, loss: 1.423474, test acc: 0.934170, test avg acc: 0.787251, test iou: 0.831877
Train 174, loss: 1.421730, train acc: 0.943198, train avg acc: 0.791764, train iou: 0.840101
Test 174, loss: 1.419472, test acc: 0.935147, test avg acc: 0.763787, test iou: 0.830777
Train 175, loss: 1.423121, train acc: 0.942554, train avg acc: 0.787936, train iou: 0.839060
Test 175, loss: 1.430591, test acc: 0.931862, test avg acc: 0.775170, test iou: 0.826461
Train 176, loss: 1.421282, train acc: 0.943655, train avg acc: 0.794538, train iou: 0.840923
Test 176, loss: 1.415069, test acc: 0.937038, test avg acc: 0.789883, test iou: 0.833560
Train 177, loss: 1.419710, train acc: 0.944073, train avg acc: 0.795228, train iou: 0.841029
Test 177, loss: 1.422439, test acc: 0.934033, test avg acc: 0.770295, test iou: 0.828208
Train 178, loss: 1.420354, train acc: 0.943411, train avg acc: 0.798058, train iou: 0.840088
Test 178, loss: 1.419598, test acc: 0.934645, test avg acc: 0.785389, test iou: 0.835401
Train 179, loss: 1.418790, train acc: 0.943857, train avg acc: 0.795604, train iou: 0.841363
Test 179, loss: 1.434852, test acc: 0.929275, test avg acc: 0.769894, test iou: 0.823254
Train 180, loss: 1.421108, train acc: 0.943243, train avg acc: 0.795200, train iou: 0.840108
Test 180, loss: 1.418399, test acc: 0.935586, test avg acc: 0.778812, test iou: 0.832097
Train 181, loss: 1.419959, train acc: 0.943967, train avg acc: 0.797117, train iou: 0.841821
Test 181, loss: 1.415908, test acc: 0.938573, test avg acc: 0.781868, test iou: 0.838025
Train 182, loss: 1.421725, train acc: 0.943582, train avg acc: 0.796263, train iou: 0.841449
Test 182, loss: 1.432059, test acc: 0.927551, test avg acc: 0.777079, test iou: 0.819934
Train 183, loss: 1.417999, train acc: 0.944420, train avg acc: 0.796129, train iou: 0.841941
Test 183, loss: 1.412976, test acc: 0.938302, test avg acc: 0.791084, test iou: 0.838885
Train 184, loss: 1.417531, train acc: 0.944655, train avg acc: 0.796364, train iou: 0.842822
Test 184, loss: 1.433176, test acc: 0.928826, test avg acc: 0.797119, test iou: 0.826179
Train 185, loss: 1.417656, train acc: 0.944835, train avg acc: 0.799890, train iou: 0.843381
Test 185, loss: 1.414498, test acc: 0.938087, test avg acc: 0.800543, test iou: 0.837581
Train 186, loss: 1.419721, train acc: 0.944101, train avg acc: 0.796668, train iou: 0.841894
Test 186, loss: 1.422694, test acc: 0.934721, test avg acc: 0.789351, test iou: 0.832138
Train 187, loss: 1.418519, train acc: 0.944672, train avg acc: 0.799661, train iou: 0.842482
Test 187, loss: 1.413097, test acc: 0.938012, test avg acc: 0.809646, test iou: 0.840671
Train 188, loss: 1.416887, train acc: 0.944866, train avg acc: 0.800634, train iou: 0.842878
Test 188, loss: 1.437383, test acc: 0.928687, test avg acc: 0.771450, test iou: 0.821454
Train 189, loss: 1.415958, train acc: 0.945050, train avg acc: 0.800950, train iou: 0.843111
Test 189, loss: 1.419176, test acc: 0.936000, test avg acc: 0.809587, test iou: 0.837913
Train 190, loss: 1.413701, train acc: 0.945863, train avg acc: 0.807873, train iou: 0.844618
Test 190, loss: 1.418023, test acc: 0.935266, test avg acc: 0.766741, test iou: 0.832610
Train 191, loss: 1.416806, train acc: 0.944714, train avg acc: 0.799747, train iou: 0.841901
Test 191, loss: 1.420580, test acc: 0.935956, test avg acc: 0.802534, test iou: 0.834107
Train 192, loss: 1.414860, train acc: 0.945867, train avg acc: 0.804143, train iou: 0.844916
Test 192, loss: 1.413935, test acc: 0.936773, test avg acc: 0.789509, test iou: 0.835991
Train 193, loss: 1.415011, train acc: 0.945884, train avg acc: 0.804382, train iou: 0.844750
Test 193, loss: 1.441954, test acc: 0.926700, test avg acc: 0.804713, test iou: 0.817164
Train 194, loss: 1.413490, train acc: 0.946157, train avg acc: 0.805398, train iou: 0.844956
Test 194, loss: 1.417749, test acc: 0.936744, test avg acc: 0.792864, test iou: 0.835785
Train 195, loss: 1.414336, train acc: 0.946057, train avg acc: 0.802855, train iou: 0.845173
Test 195, loss: 1.418085, test acc: 0.936073, test avg acc: 0.807986, test iou: 0.834173
Train 196, loss: 1.415420, train acc: 0.945394, train avg acc: 0.802305, train iou: 0.844126
Test 196, loss: 1.418925, test acc: 0.935064, test avg acc: 0.790051, test iou: 0.836150
Train 197, loss: 1.413519, train acc: 0.945787, train avg acc: 0.804796, train iou: 0.845505
Test 197, loss: 1.418315, test acc: 0.934346, test avg acc: 0.778350, test iou: 0.829316
Train 198, loss: 1.411538, train acc: 0.946846, train avg acc: 0.807889, train iou: 0.846039
Test 198, loss: 1.418456, test acc: 0.935837, test avg acc: 0.804085, test iou: 0.839146
Train 199, loss: 1.410841, train acc: 0.947175, train avg acc: 0.811731, train iou: 0.846809
Test 199, loss: 1.420977, test acc: 0.934828, test avg acc: 0.779984, test iou: 0.831444
Train 200, loss: 1.412021, train acc: 0.946521, train avg acc: 0.804507, train iou: 0.845832
Test 200, loss: 1.422020, test acc: 0.933362, test avg acc: 0.805443, test iou: 0.832747
Train 201, loss: 1.412645, train acc: 0.946622, train avg acc: 0.808660, train iou: 0.846279
Test 201, loss: 1.417687, test acc: 0.936515, test avg acc: 0.778999, test iou: 0.835911
Train 202, loss: 1.410464, train acc: 0.946986, train avg acc: 0.808512, train iou: 0.847409
Test 202, loss: 1.416109, test acc: 0.936199, test avg acc: 0.821836, test iou: 0.838023
Train 203, loss: 1.408229, train acc: 0.948299, train avg acc: 0.812705, train iou: 0.848544
Test 203, loss: 1.413690, test acc: 0.937791, test avg acc: 0.798429, test iou: 0.837601
Train 204, loss: 1.409733, train acc: 0.947499, train avg acc: 0.811979, train iou: 0.847199
Test 204, loss: 1.432143, test acc: 0.930762, test avg acc: 0.787110, test iou: 0.834659
Train 205, loss: 1.409719, train acc: 0.947774, train avg acc: 0.812432, train iou: 0.848194
Test 205, loss: 1.417747, test acc: 0.936151, test avg acc: 0.794026, test iou: 0.835829
Train 206, loss: 1.410129, train acc: 0.947399, train avg acc: 0.810680, train iou: 0.848172
Test 206, loss: 1.410826, test acc: 0.939389, test avg acc: 0.809827, test iou: 0.843836
Train 207, loss: 1.409928, train acc: 0.947418, train avg acc: 0.810144, train iou: 0.847205
Test 207, loss: 1.417326, test acc: 0.936017, test avg acc: 0.795919, test iou: 0.832390
Train 208, loss: 1.407218, train acc: 0.948646, train avg acc: 0.815535, train iou: 0.849066
Test 208, loss: 1.425577, test acc: 0.933103, test avg acc: 0.767144, test iou: 0.831111
Train 209, loss: 1.409260, train acc: 0.947624, train avg acc: 0.812547, train iou: 0.847467
Test 209, loss: 1.425832, test acc: 0.930831, test avg acc: 0.799630, test iou: 0.832727
Train 210, loss: 1.407384, train acc: 0.948584, train avg acc: 0.816520, train iou: 0.850072
Test 210, loss: 1.417245, test acc: 0.935839, test avg acc: 0.784427, test iou: 0.836547
Train 211, loss: 1.407749, train acc: 0.948299, train avg acc: 0.812268, train iou: 0.849960
Test 211, loss: 1.414323, test acc: 0.939427, test avg acc: 0.821113, test iou: 0.842745
Train 212, loss: 1.408177, train acc: 0.948267, train avg acc: 0.814407, train iou: 0.848645
Test 212, loss: 1.412805, test acc: 0.938337, test avg acc: 0.797102, test iou: 0.837187
Train 213, loss: 1.408399, train acc: 0.948221, train avg acc: 0.812317, train iou: 0.849064
Test 213, loss: 1.411976, test acc: 0.938606, test avg acc: 0.806306, test iou: 0.842462
Train 214, loss: 1.406260, train acc: 0.948894, train avg acc: 0.816500, train iou: 0.850395
Test 214, loss: 1.419591, test acc: 0.938158, test avg acc: 0.779596, test iou: 0.838725
Train 215, loss: 1.406875, train acc: 0.948931, train avg acc: 0.813436, train iou: 0.850097
Test 215, loss: 1.409567, test acc: 0.940130, test avg acc: 0.801635, test iou: 0.840153
Train 216, loss: 1.406877, train acc: 0.949088, train avg acc: 0.816910, train iou: 0.849788
Test 216, loss: 1.412300, test acc: 0.937855, test avg acc: 0.797906, test iou: 0.843011
Train 217, loss: 1.405077, train acc: 0.949081, train avg acc: 0.815983, train iou: 0.851417
Test 217, loss: 1.407998, test acc: 0.940431, test avg acc: 0.819951, test iou: 0.846391
Train 218, loss: 1.403213, train acc: 0.949826, train avg acc: 0.822531, train iou: 0.852402
Test 218, loss: 1.412468, test acc: 0.938702, test avg acc: 0.806679, test iou: 0.838814
Train 219, loss: 1.403348, train acc: 0.950145, train avg acc: 0.819429, train iou: 0.851875
Test 219, loss: 1.421021, test acc: 0.934288, test avg acc: 0.806317, test iou: 0.832503
Train 220, loss: 1.402387, train acc: 0.950618, train avg acc: 0.821227, train iou: 0.852619
Test 220, loss: 1.421364, test acc: 0.934025, test avg acc: 0.791599, test iou: 0.834978
Train 221, loss: 1.403931, train acc: 0.950152, train avg acc: 0.821839, train iou: 0.852287
Test 221, loss: 1.419269, test acc: 0.935777, test avg acc: 0.790953, test iou: 0.836338
Train 222, loss: 1.402803, train acc: 0.950696, train avg acc: 0.824816, train iou: 0.853418
Test 222, loss: 1.413954, test acc: 0.938330, test avg acc: 0.801245, test iou: 0.839238
Train 223, loss: 1.401386, train acc: 0.950804, train avg acc: 0.823385, train iou: 0.854015
Test 223, loss: 1.413860, test acc: 0.938337, test avg acc: 0.798422, test iou: 0.837109
Train 224, loss: 1.400262, train acc: 0.951318, train avg acc: 0.825940, train iou: 0.854192
Test 224, loss: 1.413903, test acc: 0.936212, test avg acc: 0.769234, test iou: 0.834112
Train 225, loss: 1.401208, train acc: 0.951082, train avg acc: 0.825258, train iou: 0.853722
Test 225, loss: 1.413833, test acc: 0.937429, test avg acc: 0.807854, test iou: 0.837493
Train 226, loss: 1.399705, train acc: 0.951531, train avg acc: 0.825114, train iou: 0.854310
Test 226, loss: 1.417099, test acc: 0.935657, test avg acc: 0.813663, test iou: 0.837000
Train 227, loss: 1.399622, train acc: 0.951801, train avg acc: 0.829296, train iou: 0.854724
Test 227, loss: 1.409900, test acc: 0.939546, test avg acc: 0.806216, test iou: 0.843250
Train 228, loss: 1.399582, train acc: 0.951530, train avg acc: 0.826516, train iou: 0.854858
Test 228, loss: 1.410730, test acc: 0.940333, test avg acc: 0.829987, test iou: 0.843358
Train 229, loss: 1.397991, train acc: 0.952320, train avg acc: 0.829884, train iou: 0.855727
Test 229, loss: 1.408869, test acc: 0.941030, test avg acc: 0.807769, test iou: 0.845546
Train 230, loss: 1.398005, train acc: 0.952228, train avg acc: 0.827497, train iou: 0.855611
Test 230, loss: 1.409981, test acc: 0.938565, test avg acc: 0.819020, test iou: 0.841155
Train 231, loss: 1.399345, train acc: 0.951748, train avg acc: 0.829375, train iou: 0.854709
Test 231, loss: 1.408834, test acc: 0.940053, test avg acc: 0.817037, test iou: 0.843999
Train 232, loss: 1.397306, train acc: 0.952603, train avg acc: 0.830813, train iou: 0.856577
Test 232, loss: 1.411162, test acc: 0.939679, test avg acc: 0.806853, test iou: 0.841615
Train 233, loss: 1.396228, train acc: 0.952890, train avg acc: 0.831173, train iou: 0.856997
Test 233, loss: 1.409725, test acc: 0.938256, test avg acc: 0.827882, test iou: 0.841534
Train 234, loss: 1.396913, train acc: 0.952620, train avg acc: 0.830633, train iou: 0.856936
Test 234, loss: 1.409052, test acc: 0.939864, test avg acc: 0.819010, test iou: 0.844239
Train 235, loss: 1.396334, train acc: 0.952849, train avg acc: 0.833279, train iou: 0.857087
Test 235, loss: 1.411841, test acc: 0.939795, test avg acc: 0.801847, test iou: 0.843027
Train 236, loss: 1.394697, train acc: 0.953606, train avg acc: 0.831579, train iou: 0.859254
Test 236, loss: 1.410705, test acc: 0.938650, test avg acc: 0.825579, test iou: 0.845687
Train 237, loss: 1.393546, train acc: 0.953958, train avg acc: 0.836288, train iou: 0.859598
Test 237, loss: 1.408578, test acc: 0.939939, test avg acc: 0.805425, test iou: 0.842016
Train 238, loss: 1.393947, train acc: 0.953766, train avg acc: 0.837278, train iou: 0.858635
Test 238, loss: 1.409615, test acc: 0.939440, test avg acc: 0.789045, test iou: 0.840323
Train 239, loss: 1.393708, train acc: 0.954150, train avg acc: 0.834131, train iou: 0.859748
Test 239, loss: 1.406267, test acc: 0.940957, test avg acc: 0.819629, test iou: 0.842707
Train 240, loss: 1.392097, train acc: 0.954741, train avg acc: 0.837712, train iou: 0.860647
Test 240, loss: 1.407734, test acc: 0.942795, test avg acc: 0.823668, test iou: 0.848893
Train 241, loss: 1.391923, train acc: 0.954845, train avg acc: 0.838178, train iou: 0.860926
Test 241, loss: 1.410345, test acc: 0.937930, test avg acc: 0.809182, test iou: 0.843950
Train 242, loss: 1.391499, train acc: 0.954855, train avg acc: 0.839922, train iou: 0.861246
Test 242, loss: 1.409539, test acc: 0.938759, test avg acc: 0.817066, test iou: 0.842435
Train 243, loss: 1.393018, train acc: 0.954469, train avg acc: 0.836749, train iou: 0.861067
Test 243, loss: 1.417886, test acc: 0.937229, test avg acc: 0.816557, test iou: 0.837485
Train 244, loss: 1.391392, train acc: 0.954888, train avg acc: 0.838713, train iou: 0.860740
Test 244, loss: 1.407013, test acc: 0.939618, test avg acc: 0.790410, test iou: 0.841249
Train 245, loss: 1.390415, train acc: 0.955343, train avg acc: 0.840215, train iou: 0.862433
Test 245, loss: 1.403495, test acc: 0.941831, test avg acc: 0.827761, test iou: 0.846509
Train 246, loss: 1.389422, train acc: 0.955683, train avg acc: 0.842414, train iou: 0.863418
Test 246, loss: 1.407040, test acc: 0.940801, test avg acc: 0.818012, test iou: 0.843015
Train 247, loss: 1.388753, train acc: 0.956134, train avg acc: 0.843980, train iou: 0.863847
Test 247, loss: 1.406475, test acc: 0.941569, test avg acc: 0.824956, test iou: 0.846467
Train 248, loss: 1.387795, train acc: 0.956252, train avg acc: 0.842835, train iou: 0.864097
Test 248, loss: 1.405090, test acc: 0.942155, test avg acc: 0.813164, test iou: 0.846400
Train 249, loss: 1.388107, train acc: 0.956411, train avg acc: 0.843868, train iou: 0.864448
Test 249, loss: 1.407223, test acc: 0.941008, test avg acc: 0.814272, test iou: 0.844906
Train 250, loss: 1.388430, train acc: 0.956220, train avg acc: 0.842967, train iou: 0.863441
Test 250, loss: 1.408070, test acc: 0.940876, test avg acc: 0.826477, test iou: 0.846113
Train 251, loss: 1.387311, train acc: 0.956747, train avg acc: 0.844598, train iou: 0.864797
Test 251, loss: 1.410363, test acc: 0.940008, test avg acc: 0.834854, test iou: 0.846245
Train 252, loss: 1.386690, train acc: 0.956915, train avg acc: 0.847181, train iou: 0.865601
Test 252, loss: 1.408087, test acc: 0.940497, test avg acc: 0.817931, test iou: 0.845794
Train 253, loss: 1.387496, train acc: 0.956701, train avg acc: 0.845069, train iou: 0.865005
Test 253, loss: 1.408101, test acc: 0.940743, test avg acc: 0.824815, test iou: 0.843999
Train 254, loss: 1.385805, train acc: 0.957254, train avg acc: 0.847051, train iou: 0.866342
Test 254, loss: 1.405783, test acc: 0.942351, test avg acc: 0.819220, test iou: 0.847033
Train 255, loss: 1.386434, train acc: 0.957188, train avg acc: 0.846606, train iou: 0.865607
Test 255, loss: 1.411361, test acc: 0.939636, test avg acc: 0.825418, test iou: 0.843187
Train 256, loss: 1.385983, train acc: 0.957238, train avg acc: 0.847976, train iou: 0.866728
Test 256, loss: 1.405067, test acc: 0.942367, test avg acc: 0.827757, test iou: 0.847901
Train 257, loss: 1.384068, train acc: 0.957952, train avg acc: 0.848683, train iou: 0.867748
Test 257, loss: 1.406127, test acc: 0.942114, test avg acc: 0.825318, test iou: 0.847486
Train 258, loss: 1.384403, train acc: 0.957938, train avg acc: 0.848089, train iou: 0.868222
Test 258, loss: 1.405758, test acc: 0.942242, test avg acc: 0.826924, test iou: 0.845634
Train 259, loss: 1.385003, train acc: 0.957824, train avg acc: 0.849137, train iou: 0.867239
Test 259, loss: 1.407362, test acc: 0.941516, test avg acc: 0.820114, test iou: 0.846760
Train 260, loss: 1.383509, train acc: 0.958292, train avg acc: 0.850909, train iou: 0.869000
Test 260, loss: 1.405564, test acc: 0.941186, test avg acc: 0.824172, test iou: 0.847382
Train 261, loss: 1.382777, train acc: 0.958588, train avg acc: 0.851809, train iou: 0.868527
Test 261, loss: 1.404069, test acc: 0.942620, test avg acc: 0.827696, test iou: 0.848040
Train 262, loss: 1.382217, train acc: 0.958905, train avg acc: 0.852752, train iou: 0.869694
Test 262, loss: 1.404591, test acc: 0.942592, test avg acc: 0.824144, test iou: 0.848714
Train 263, loss: 1.383171, train acc: 0.958557, train avg acc: 0.852725, train iou: 0.869075
Test 263, loss: 1.403652, test acc: 0.942572, test avg acc: 0.823338, test iou: 0.847718
Train 264, loss: 1.381717, train acc: 0.959108, train avg acc: 0.852991, train iou: 0.870689
Test 264, loss: 1.403711, test acc: 0.942837, test avg acc: 0.824963, test iou: 0.850449
Train 265, loss: 1.380544, train acc: 0.959458, train avg acc: 0.854014, train iou: 0.870630
Test 265, loss: 1.405097, test acc: 0.942159, test avg acc: 0.826104, test iou: 0.847105
Train 266, loss: 1.380759, train acc: 0.959432, train avg acc: 0.855023, train iou: 0.871286
Test 266, loss: 1.402790, test acc: 0.943312, test avg acc: 0.822205, test iou: 0.849829
Train 267, loss: 1.380157, train acc: 0.959701, train avg acc: 0.854030, train iou: 0.872069
Test 267, loss: 1.402267, test acc: 0.943043, test avg acc: 0.823923, test iou: 0.850962
Train 268, loss: 1.380270, train acc: 0.959757, train avg acc: 0.855738, train iou: 0.871366
Test 268, loss: 1.404721, test acc: 0.942165, test avg acc: 0.826655, test iou: 0.848524
Train 269, loss: 1.379402, train acc: 0.959992, train avg acc: 0.856859, train iou: 0.872144
Test 269, loss: 1.402770, test acc: 0.943669, test avg acc: 0.829635, test iou: 0.850039
Train 270, loss: 1.378903, train acc: 0.960050, train avg acc: 0.855684, train iou: 0.872019
Test 270, loss: 1.405064, test acc: 0.942446, test avg acc: 0.832258, test iou: 0.848060
Train 271, loss: 1.378419, train acc: 0.960409, train avg acc: 0.857603, train iou: 0.872919
Test 271, loss: 1.403087, test acc: 0.943393, test avg acc: 0.828881, test iou: 0.849181
Train 272, loss: 1.378519, train acc: 0.960478, train avg acc: 0.858286, train iou: 0.873662
Test 272, loss: 1.402519, test acc: 0.943652, test avg acc: 0.831338, test iou: 0.851204
Train 273, loss: 1.377714, train acc: 0.960648, train avg acc: 0.858295, train iou: 0.874322
Test 273, loss: 1.401448, test acc: 0.943801, test avg acc: 0.834582, test iou: 0.852367
Train 274, loss: 1.378947, train acc: 0.960357, train avg acc: 0.857440, train iou: 0.873791
Test 274, loss: 1.404675, test acc: 0.943129, test avg acc: 0.833024, test iou: 0.850883
Train 275, loss: 1.378141, train acc: 0.960718, train avg acc: 0.859515, train iou: 0.873967
Test 275, loss: 1.403326, test acc: 0.943211, test avg acc: 0.826834, test iou: 0.850405
Train 276, loss: 1.378387, train acc: 0.960742, train avg acc: 0.859939, train iou: 0.874705
Test 276, loss: 1.402745, test acc: 0.943333, test avg acc: 0.825635, test iou: 0.850522
Train 277, loss: 1.378051, train acc: 0.960811, train avg acc: 0.858221, train iou: 0.874722
Test 277, loss: 1.402173, test acc: 0.943330, test avg acc: 0.820633, test iou: 0.848211
Train 278, loss: 1.376784, train acc: 0.961248, train avg acc: 0.859376, train iou: 0.875213
Test 278, loss: 1.400999, test acc: 0.944300, test avg acc: 0.830883, test iou: 0.854104
Train 279, loss: 1.376536, train acc: 0.961220, train avg acc: 0.859822, train iou: 0.875290
Test 279, loss: 1.402692, test acc: 0.943713, test avg acc: 0.830371, test iou: 0.851633
Train 280, loss: 1.376487, train acc: 0.961344, train avg acc: 0.859803, train iou: 0.875292
Test 280, loss: 1.402778, test acc: 0.943640, test avg acc: 0.833467, test iou: 0.851367
Train 281, loss: 1.375937, train acc: 0.961600, train avg acc: 0.861239, train iou: 0.875981
Test 281, loss: 1.401654, test acc: 0.944622, test avg acc: 0.836963, test iou: 0.853450
Train 282, loss: 1.376333, train acc: 0.961498, train avg acc: 0.860459, train iou: 0.875907
Test 282, loss: 1.401502, test acc: 0.944125, test avg acc: 0.836232, test iou: 0.852298
Train 283, loss: 1.375343, train acc: 0.961838, train avg acc: 0.862482, train iou: 0.876672
Test 283, loss: 1.402175, test acc: 0.943805, test avg acc: 0.827829, test iou: 0.851023
Train 284, loss: 1.374851, train acc: 0.961943, train avg acc: 0.862236, train iou: 0.877514
Test 284, loss: 1.401727, test acc: 0.944343, test avg acc: 0.834680, test iou: 0.851443
Train 285, loss: 1.374922, train acc: 0.961834, train avg acc: 0.862628, train iou: 0.876825
Test 285, loss: 1.401366, test acc: 0.944173, test avg acc: 0.834860, test iou: 0.851704
Train 286, loss: 1.374633, train acc: 0.962066, train avg acc: 0.862007, train iou: 0.877279
Test 286, loss: 1.402047, test acc: 0.944151, test avg acc: 0.833080, test iou: 0.853090
Train 287, loss: 1.374422, train acc: 0.962072, train avg acc: 0.863025, train iou: 0.877066
Test 287, loss: 1.399718, test acc: 0.944505, test avg acc: 0.834256, test iou: 0.851737
Train 288, loss: 1.374721, train acc: 0.962055, train avg acc: 0.862302, train iou: 0.877057
Test 288, loss: 1.401380, test acc: 0.944502, test avg acc: 0.835128, test iou: 0.853132
Train 289, loss: 1.374857, train acc: 0.962210, train avg acc: 0.863828, train iou: 0.878094
Test 289, loss: 1.399528, test acc: 0.944843, test avg acc: 0.831386, test iou: 0.853290
Train 290, loss: 1.373957, train acc: 0.962372, train avg acc: 0.863729, train iou: 0.877628
Test 290, loss: 1.400847, test acc: 0.944672, test avg acc: 0.830865, test iou: 0.851922
Train 291, loss: 1.374186, train acc: 0.962194, train avg acc: 0.861553, train iou: 0.877427
Test 291, loss: 1.401182, test acc: 0.944737, test avg acc: 0.832075, test iou: 0.853348
Train 292, loss: 1.373939, train acc: 0.962313, train avg acc: 0.863363, train iou: 0.878149
Test 292, loss: 1.401850, test acc: 0.944305, test avg acc: 0.829830, test iou: 0.851602
Train 293, loss: 1.373961, train acc: 0.962367, train avg acc: 0.864002, train iou: 0.878160
Test 293, loss: 1.401085, test acc: 0.944746, test avg acc: 0.833148, test iou: 0.853594
Train 294, loss: 1.373676, train acc: 0.962433, train avg acc: 0.863766, train iou: 0.877637
Test 294, loss: 1.402069, test acc: 0.944426, test avg acc: 0.836795, test iou: 0.853163
Train 295, loss: 1.373639, train acc: 0.962499, train avg acc: 0.865108, train iou: 0.878471
Test 295, loss: 1.402427, test acc: 0.943933, test avg acc: 0.832652, test iou: 0.851990
Train 296, loss: 1.373897, train acc: 0.962578, train avg acc: 0.864793, train iou: 0.878384
Test 296, loss: 1.402220, test acc: 0.943940, test avg acc: 0.832181, test iou: 0.851910
Train 297, loss: 1.373913, train acc: 0.962514, train avg acc: 0.863777, train iou: 0.878950
Test 297, loss: 1.400905, test acc: 0.944105, test avg acc: 0.834582, test iou: 0.852371
Train 298, loss: 1.373684, train acc: 0.962574, train avg acc: 0.866407, train iou: 0.878880
Test 298, loss: 1.401261, test acc: 0.944527, test avg acc: 0.831636, test iou: 0.853390
Train 299, loss: 1.373884, train acc: 0.962482, train avg acc: 0.864769, train iou: 0.878683
Test 299, loss: 1.400527, test acc: 0.944559, test avg acc: 0.834506, test iou: 0.854140
Namespace(batch_size=8, class_choice=None, dataset='shapenetpart', dropout=0.5, emb_dims=1024, epochs=300, eval=False, exp_name='dgcnn_partseg', k=40, lr=0.001, model='dgcnn', model_path='', momentum=0.9, no_cuda=False, num_points=2048, pretrained_path='./models/dgcnn_partseg_best.pth', scheduler='cos', seed=1, test_batch_size=8, use_sgd=True, visu='', visu_format='ply')
Using GPU : 0 from 2 devices
